0 info it worked if it ends with ok
1 verbose cli [ '/Users/ignacioureta/.nvm/versions/node/v6.10.2/bin/node',
1 verbose cli   '/Users/ignacioureta/.nvm/versions/node/v6.10.2/bin/npm',
1 verbose cli   'publish' ]
2 info using npm@3.10.10
3 info using node@v6.10.2
4 verbose publish [ '.' ]
5 silly cache add args [ '.', null ]
6 verbose cache add spec .
7 silly cache add parsed spec Result {
7 silly cache add   raw: '.',
7 silly cache add   scope: null,
7 silly cache add   escapedName: null,
7 silly cache add   name: null,
7 silly cache add   rawSpec: '.',
7 silly cache add   spec: '/Users/ignacioureta/Projects/tests/messaging',
7 silly cache add   type: 'directory' }
8 verbose addLocalDirectory /Users/ignacioureta/.npm/firebase-notifications-boilerplate/0.1.0/package.tgz not in flight; packing
9 verbose correctMkdir /Users/ignacioureta/.npm correctMkdir not in flight; initializing
10 info lifecycle firebase-notifications-boilerplate@0.1.0~prepublish: firebase-notifications-boilerplate@0.1.0
11 verbose lifecycle firebase-notifications-boilerplate@0.1.0~prepublish: unsafe-perm in lifecycle true
12 verbose lifecycle firebase-notifications-boilerplate@0.1.0~prepublish: PATH: /Users/ignacioureta/.nvm/versions/node/v6.10.2/lib/node_modules/npm/bin/node-gyp-bin:/Users/ignacioureta/Projects/tests/messaging/node_modules/.bin:/Users/ignacioureta/.rvm/gems/ruby-2.4.0/bin:/Users/ignacioureta/.rvm/gems/ruby-2.4.0@global/bin:/Users/ignacioureta/.rvm/rubies/ruby-2.4.0/bin:/Users/ignacioureta/.nvm/versions/node/v6.10.2/bin:/usr/local/bin:/usr/bin:/bin:/usr/sbin:/sbin:/Users/ignacioureta/.rvm/bin:/Users/ignacioureta/.rvm/bin:/Users/ignacioureta/Library/Android/sdk/tools:/Users/ignacioureta/Library/Android/sdk/platform-tools
13 verbose lifecycle firebase-notifications-boilerplate@0.1.0~prepublish: CWD: /Users/ignacioureta/Projects/tests/messaging
14 silly lifecycle firebase-notifications-boilerplate@0.1.0~prepublish: Args: [ '-c', 'npm run build' ]
15 silly lifecycle firebase-notifications-boilerplate@0.1.0~prepublish: Returned: code: 0  signal: null
16 verbose tar pack [ '/Users/ignacioureta/.npm/firebase-notifications-boilerplate/0.1.0/package.tgz',
16 verbose tar pack   '/Users/ignacioureta/Projects/tests/messaging' ]
17 verbose tarball /Users/ignacioureta/.npm/firebase-notifications-boilerplate/0.1.0/package.tgz
18 verbose folder /Users/ignacioureta/Projects/tests/messaging
19 verbose addLocalTarball adding from inside cache /Users/ignacioureta/.npm/firebase-notifications-boilerplate/0.1.0/package.tgz
20 verbose correctMkdir /Users/ignacioureta/.npm correctMkdir not in flight; initializing
21 silly cache afterAdd firebase-notifications-boilerplate@0.1.0
22 verbose afterAdd /Users/ignacioureta/.npm/firebase-notifications-boilerplate/0.1.0/package/package.json not in flight; writing
23 verbose correctMkdir /Users/ignacioureta/.npm correctMkdir not in flight; initializing
24 verbose afterAdd /Users/ignacioureta/.npm/firebase-notifications-boilerplate/0.1.0/package/package.json written
25 silly publish { name: 'firebase-notifications-boilerplate',
25 silly publish   version: '0.1.0',
25 silly publish   description: 'Helps you quickly set up notifications with firebase',
25 silly publish   main: 'dist/index.js',
25 silly publish   homepage: 'https://github.com/thoughtram/es6-6to5-browserify-boilerplate',
25 silly publish   scripts:
25 silly publish    { start: 'gulp start',
25 silly publish      serve: 'gulp serve',
25 silly publish      build: 'gulp build',
25 silly publish      prepublish: 'npm run build' },
25 silly publish   repository:
25 silly publish    { type: 'git',
25 silly publish      url: 'git://github.com/thoughtram/es6-6to5-browserify-boilerplate.git' },
25 silly publish   bugs: { url: 'https://github.com/thoughtram/es6-6to5-browserify-boilerplate/issues' },
25 silly publish   devDependencies:
25 silly publish    { babelify: '~5.0.3',
25 silly publish      'browser-sync': '^1.7.1',
25 silly publish      browserify: '^6.3.3',
25 silly publish      gulp: '~3.8.10',
25 silly publish      'gulp-rename': '^1.2.0',
25 silly publish      lodash: '^2.4.1',
25 silly publish      rimraf: '~2.2.8',
25 silly publish      'vinyl-source-stream': '^1.0.0',
25 silly publish      watchify: '^2.1.1' },
25 silly publish   author: { name: 'Christoph Burgdorf', email: 'christoph@thoughtram.io' },
25 silly publish   license: 'MIT',
25 silly publish   dependencies: { firebase: '^4.6.1' },
25 silly publish   readme: 'ERROR: No README data found!',
25 silly publish   readmeFilename: 'README.md',
25 silly publish   gitHead: '1421d7bed51de36be781dd0ee6a2685df46dffe8',
25 silly publish   _id: 'firebase-notifications-boilerplate@0.1.0',
25 silly publish   _shasum: '9559b262b01b0d5ae1396792ee9eaa20bd61cf42',
25 silly publish   _from: '.' }
26 verbose getPublishConfig undefined
27 silly mapToRegistry name firebase-notifications-boilerplate
28 silly mapToRegistry using default registry
29 silly mapToRegistry registry https://registry.npmjs.org/
30 silly mapToRegistry data Result {
30 silly mapToRegistry   raw: 'firebase-notifications-boilerplate',
30 silly mapToRegistry   scope: null,
30 silly mapToRegistry   escapedName: 'firebase-notifications-boilerplate',
30 silly mapToRegistry   name: 'firebase-notifications-boilerplate',
30 silly mapToRegistry   rawSpec: '',
30 silly mapToRegistry   spec: 'latest',
30 silly mapToRegistry   type: 'tag' }
31 silly mapToRegistry uri https://registry.npmjs.org/firebase-notifications-boilerplate
32 verbose publish registryBase https://registry.npmjs.org/
33 silly publish uploading /Users/ignacioureta/.npm/firebase-notifications-boilerplate/0.1.0/package.tgz
34 verbose request uri https://registry.npmjs.org/firebase-notifications-boilerplate
35 verbose request sending authorization for write operation
36 info attempt registry request try #1 at 11:17:00 AM
37 verbose request using bearer token for auth
38 verbose request id ed5a588a4ce993bf
39 http request PUT https://registry.npmjs.org/firebase-notifications-boilerplate
40 http 403 https://registry.npmjs.org/firebase-notifications-boilerplate
41 verbose headers { 'content-type': 'application/json',
41 verbose headers   'cache-control': 'max-age=300',
41 verbose headers   'content-length': '91',
41 verbose headers   'accept-ranges': 'bytes',
41 verbose headers   date: 'Mon, 06 Nov 2017 14:06:19 GMT',
41 verbose headers   via: '1.1 varnish',
41 verbose headers   connection: 'keep-alive',
41 verbose headers   'x-served-by': 'cache-gru17134-GRU',
41 verbose headers   'x-cache': 'MISS',
41 verbose headers   'x-cache-hits': '0',
41 verbose headers   'x-timer': 'S1509977171.098234,VS0,VE8359',
41 verbose headers   vary: 'Accept-Encoding, Accept' }
42 verbose request invalidating /Users/ignacioureta/.npm/registry.npmjs.org/firebase-notifications-boilerplate on PUT
43 error publish Failed PUT 403
44 verbose stack Error: You cannot publish over the previously published version 0.1.0. : firebase-notifications-boilerplate
44 verbose stack     at makeError (/Users/ignacioureta/.nvm/versions/node/v6.10.2/lib/node_modules/npm/node_modules/npm-registry-client/lib/request.js:302:12)
44 verbose stack     at CachingRegistryClient.<anonymous> (/Users/ignacioureta/.nvm/versions/node/v6.10.2/lib/node_modules/npm/node_modules/npm-registry-client/lib/request.js:290:14)
44 verbose stack     at Request._callback (/Users/ignacioureta/.nvm/versions/node/v6.10.2/lib/node_modules/npm/node_modules/npm-registry-client/lib/request.js:210:14)
44 verbose stack     at Request.self.callback (/Users/ignacioureta/.nvm/versions/node/v6.10.2/lib/node_modules/npm/node_modules/request/request.js:187:22)
44 verbose stack     at emitTwo (events.js:106:13)
44 verbose stack     at Request.emit (events.js:191:7)
44 verbose stack     at Request.<anonymous> (/Users/ignacioureta/.nvm/versions/node/v6.10.2/lib/node_modules/npm/node_modules/request/request.js:1048:10)
44 verbose stack     at emitOne (events.js:96:13)
44 verbose stack     at Request.emit (events.js:188:7)
44 verbose stack     at IncomingMessage.<anonymous> (/Users/ignacioureta/.nvm/versions/node/v6.10.2/lib/node_modules/npm/node_modules/request/request.js:969:12)
45 verbose statusCode 403
46 verbose pkgid firebase-notifications-boilerplate
47 verbose cwd /Users/ignacioureta/Projects/tests/messaging
48 error Darwin 16.7.0
49 error argv "/Users/ignacioureta/.nvm/versions/node/v6.10.2/bin/node" "/Users/ignacioureta/.nvm/versions/node/v6.10.2/bin/npm" "publish"
50 error node v6.10.2
51 error npm  v3.10.10
52 error code E403
53 error You cannot publish over the previously published version 0.1.0. : firebase-notifications-boilerplate
54 error If you need help, you may report this error at:
54 error     <https://github.com/npm/npm/issues>
55 verbose exit [ 1, true ]
